   1            FPCLAC= 6550
   2            FPLOAD= 6551
   3            FPSTOR= 6552
   4            FPADD= 6553
   5            FPMULT= 6554
   6            
   7            *200
   8 00200 6550 Main, FPCLAC
   9 00201 7200 	cla
  10 00202 1252 	tad count
  11 00203 3252 loop, dca count
  12 00204 6551 	FPLOAD
  13 00205 0253 aptr, a
  14 00206 6553 	FPADD
  15 00207 0256 bptr, b
  16 00210 6552 	FPSTOR
  17 00211 0261 cptr, c
  18 00212 1205 	tad aptr
  19 00213 1250 	tad d
  20 00214 3205 	dca aptr
  21 00215 1207 	tad bptr
  22 00216 1250 	tad d
  23 00217 3207 	dca bptr
  24 00220 1211 	tad cptr
  25 00221 1250 	tad d
  26 00222 3211 	dca cptr
  27 00223 1252 	tad count
  28 00224 1251 	tad j
  29 00225 7500 	sma
  30 00226 5203 	jmp loop
  31 00227 7402 	hlt
  32            
  33            *250
  34 00250 0011 d,11
  35 00251 7777 j, -1
  36 00252 0002 count, 2
  37 00253 0000 a, 0
  38 00254 0000 0
  39 00255 0000 0
  40 00256 0200 b, 200
  41 00257 0000 0
  42 00260 0000 0
  43 00261 0200 c, 200
  44 00262 0000 0
  45 00263 0000 0
  46 00264 0200 0200
  47 00265 2000 2000
  48 00266 0000 0000
  49 00267 0201 0201
  50 00270 5075 5075
  51 00271 3412 3412
  52 00272 0225 0225
  53 00273 4012 4012
  54 00274 4600 4600
  55 00275 0116 0116
  56 00276 4401 4401
  57 00277 4714 4714
  58 00300 0252 0252
  59 00301 6525 6525
  60 00302 2525 2525
  61 00303 0125 0125
  62 00304 1252 1252
  63 00305 5252 5252
  64 00306 0252 0252
  65 00307 2525 2525
  66 00310 2525 2525
  67 00311 0252 0252
  68 00312 2525 2525
  69 00313 2525 2525
  70 00314 0000 0000
  71 00315 0000 0000
  72 00316 0000 0000
  73 00317 0123 0123
  74 00320 1231 1231
  75 00321 1222 1222
  76 00322 0202 0202
  77 00323 4775 4775
  78 00324 3412 3412
  79 00325 0201 0201
  80 00326 2014 2014
  81 00327 4606 4606
  82            $Main
