   1            FPCLAC= 6550
   2            FPLOAD= 6551
   3            FPSTOR= 6552
   4            FPADD= 6553
   5            FPMULT= 6554
   6            
   7            *200
   8 00200 6550 Main, FPCLAC
   9 00201 7200 	cla
  10 00202 1252 	tad count
  11 00203 3252 loop, dca count
  12 00204 6551 	FPLOAD
  13 00205 0253 aptr, a
  14 00206 6553 	FPADD
  15 00207 0256 bptr, b
  16 00210 6552 	FPSTOR
  17 00211 0261 cptr, c
  18 00212 1205 	tad aptr
  19 00213 1250 	tad d
  20 00214 3205 	dca aptr
  21 00215 1207 	tad bptr
  22 00216 1250 	tad d
  23 00217 3207 	dca bptr
  24 00220 1211 	tad cptr
  25 00221 1250 	tad d
  26 00222 3211 	dca cptr
  27 00223 1252 	tad count
  28 00224 1251 	tad j
  29 00225 7500 	sma
  30 00226 5203 	jmp loop
  31 00227 7402 	hlt
  32            
  33            *250
  34 00250 0011 d,11
  35 00251 7777 j, -1
  36 00252 0005 count, 5
  37 00253 0000 a, 0
  38 00254 0000 0
  39 00255 0000 0
  40 00256 0200 b, 200
  41 00257 0000 0
  42 00260 0000 0
  43 00261 0200 c, 200
  44 00262 0000 0
  45 00263 0000 0
  46 00264 0176 0176
  47 00265 0143 0143
  48 00266 7136 7136
  49 00267 0177 0177
  50 00270 6066 6066
  51 00271 3074 3074
  52 00272 0177 0177
  53 00273 4004 4004
  54 00274 3415 3415
  55 00275 0177 0177
  56 00276 4146 4146
  57 00277 7706 7706
  58 00300 0177 0177
  59 00301 2701 2701
  60 00302 7374 7374
  61 00303 0176 0176
  62 00304 1265 1265
  63 00305 7154 7154
  64 00306 0202 0202
  65 00307 5104 5104
  66 00310 4226 4226
  67 00311 0202 0202
  68 00312 0367 0367
  69 00313 3224 3224
  70 00314 0177 0177
  71 00315 5151 5151
  72 00316 0020 0020
  73 00317 0202 0202
  74 00320 0717 0717
  75 00321 1636 1636
  76 00322 0202 0202
  77 00323 6302 6302
  78 00324 4357 4357
  79 00325 0200 0200
  80 00326 5715 5715
  81 00327 2504 2504
  82 00330 0202 0202
  83 00331 7043 7043
  84 00332 6154 6154
  85 00333 0202 0202
  86 00334 7677 7677
  87 00335 4656 4656
  88 00336 0203 0203
  89 00337 7361 7361
  90 00340 5415 5415
  91            $Main