   1            / Program : floating point
   2            /
   3            /
   4            /
   5            /
   6            /
   7            FPCLAC=6550
   8            FPLOAD=6551
   9            FPSTOR=6552
  10            FPADD=6553
  11            FPMULT=6554
  12            /
  13            /
  14            /
  15            *0200
  16 00200 6550 Main,	FPCLAC
  17 00201 6551 		FPLOAD 
  18 00202 0300 		A
  19 00203 6554 		FPMULT
  20 00204 0303 		B
  21 00205 6552 		FPSTOR
  22 00206 0306 		C
  23 00207 6550 		FPCLAC
  24 00210 7402 		hlt		
  25 00211 5200 		jmp Main
  26            /
  27            /
  28            /
  29            *0300
  30 00300 0777 A,	0777
  31 00301 7777 	7777
  32 00302 7777 	7777
  33 00303 0777 B,	0777
  34 00304 7777 	7777
  35 00305 7777 	7777
  36            C,
  37            $Main