   1            FPCLAC= 6550
   2            FPLOAD= 6551
   3            FPSTOR= 6552
   4            FPADD= 6553
   5            FPMULT= 6554
   6            
   7            *200
   8 00200 6550 Main, FPCLAC
   9 00201 7200 	cla
  10 00202 1252 	tad count
  11 00203 3252 loop, dca count
  12 00204 6551 	FPLOAD
  13 00205 0253 aptr, a
  14 00206 6553 	FPADD
  15 00207 0256 bptr, b
  16 00210 6552 	FPSTOR
  17 00211 0261 cptr, c
  18 00212 1205 	tad aptr
  19 00213 1250 	tad d
  20 00214 3205 	dca aptr
  21 00215 1207 	tad bptr
  22 00216 1250 	tad d
  23 00217 3207 	dca bptr
  24 00220 1211 	tad cptr
  25 00221 1250 	tad d
  26 00222 3211 	dca cptr
  27 00223 1252 	tad count
  28 00224 1251 	tad j
  29 00225 7500 	sma
  30 00226 5203 	jmp loop
  31 00227 7402 	hlt
  32            
  33            *250
  34 00250 0011 d,11
  35 00251 7777 j, -1
  36 00252 0002 count, 2
  37 00253 0000 a, 0
  38 00254 0000 0
  39 00255 0000 0
  40 00256 0200 b, 200
  41 00257 0000 0
  42 00260 0000 0
  43 00261 0200 c, 200
  44 00262 0000 0
  45 00263 0000 0
  46 00264 0200 0200
  47 00265 7206 7206
  48 00266 5615 5615
  49 00267 0200 0200
  50 00270 3177 3177
  51 00271 5275 5275
  52 00272 0167 0167
  53 00273 7032 7032
  54 00274 0000 0000
  55 00275 0201 0201
  56 00276 3326 3326
  57 00277 0701 0701
  58 00300 0201 0201
  59 00301 7023 7023
  60 00302 1714 1714
  61 00303 0175 0175
  62 00304 2055 2055
  63 00305 7520 7520
  64            $Main